#
# There is insufficient memory for the Java Runtime Environment to continue.
# Native memory allocation (mmap) failed to map 132120576 bytes for Failed to commit area from 0x0000000082400000 to 0x000000008a200000 of length 132120576.
# Possible reasons:
#   The system is out of physical RAM or swap space
#   The process is running with CompressedOops enabled, and the Java Heap may be blocking the growth of the native heap
# Possible solutions:
#   Reduce memory load on the system
#   Increase physical memory or swap space
#   Check if swap backing store is full
#   Decrease Java heap size (-Xmx/-Xms)
#   Decrease number of Java threads
#   Decrease Java thread stack sizes (-Xss)
#   Set larger code cache with -XX:ReservedCodeCacheSize=
# This output file may be truncated or incomplete.
#
#  Out of Memory Error (t:/workspace/open/src/hotspot/os/windows/os_windows.cpp:3301), pid=25676, tid=25264
#
# JRE version:  (13.0.1+9) (build )
# Java VM: Java HotSpot(TM) 64-Bit Server VM (13.0.1+9, mixed mode, aot, sharing, tiered, compressed oops, g1 gc, windows-amd64)
# No core dump will be written. Minidumps are not enabled by default on client versions of Windows
#

---------------  S U M M A R Y ------------

Command Line: -Dfile.encoding=UTF-8 UI.HomePage

Host: Intel(R) Core(TM) i7-8750H CPU @ 2.20GHz, 12 cores, 7G,  Windows 10 , 64 bit Build 19041 (10.0.19041.292)
Time: Sun Jun 21 21:14:53 2020 SE Asia Standard Time elapsed time: 0 seconds (0d 0h 0m 0s)

---------------  T H R E A D  ---------------

Current thread (0x000002774f929000):  JavaThread "Unknown thread" [_thread_in_vm, id=25264, stack(0x000000eb22500000,0x000000eb22600000)]

Stack: [0x000000eb22500000,0x000000eb22600000]
Native frames: (J=compiled Java code, j=interpreted, Vv=VM code, C=native code)
V  [jvm.dll+0x626eca]
V  [jvm.dll+0x772c6a]
V  [jvm.dll+0x77441f]
V  [jvm.dll+0x774a23]
V  [jvm.dll+0x24da58]
V  [jvm.dll+0x62438a]
V  [jvm.dll+0x618f75]
V  [jvm.dll+0x30c61c]
V  [jvm.dll+0x30c452]
V  [jvm.dll+0x311bc6]
V  [jvm.dll+0x355ce6]
V  [jvm.dll+0x3554c0]
V  [jvm.dll+0x2e729a]
V  [jvm.dll+0x2e8532]
V  [jvm.dll+0x74fcd8]
V  [jvm.dll+0x363739]
V  [jvm.dll+0x732dc5]
V  [jvm.dll+0x3ce2ef]
V  [jvm.dll+0x3d0611]
C  [jli.dll+0x51ff]
C  [ucrtbase.dll+0x21542]
C  [KERNEL32.DLL+0x16fd4]
C  [ntdll.dll+0x4cec1]


---------------  P R O C E S S  ---------------

Threads class SMR info:
_java_thread_list=0x00007ff832eb46b8, length=0, elements={
}

Java Threads: ( => current thread )

Other Threads:
  0x000002774f970000 GCTaskThread "GC Thread#0" [stack: 0x000000eb22600000,0x000000eb22700000] [id=15820]
  0x000002774f982000 ConcurrentGCThread "G1 Main Marker" [stack: 0x000000eb22700000,0x000000eb22800000] [id=10184]
  0x000002774f983000 ConcurrentGCThread "G1 Conc#0" [stack: 0x000000eb22800000,0x000000eb22900000] [id=11600]

[error occurred during error reporting (printing all threads), id 0xc0000005, EXCEPTION_ACCESS_VIOLATION (0xc0000005) at pc=0x00007ff8326e6f67]

VM state:not at safepoint (not fully initialized)

VM Mutex/Monitor currently owned by a thread:  ([mutex/lock_event])
[0x000002774f9253a0] Heap_lock - owner thread: 0x000002774f929000

Heap address: 0x0000000082400000, size: 2012 MB, Compressed Oops mode: Non-zero based: 0x0000000082400000
Narrow klass base: 0x0000000000000000, Narrow klass shift: 0

GC Heap History (0 events):
No events

Deoptimization events (0 events):
No events

Classes unloaded (0 events):
No events

Classes redefined (0 events):
No events

Internal exceptions (0 events):
No events

Events (8 events):
Event: 0.005 Loaded shared library C:\Program Files\Java\jdk-13.0.1\bin\zip.dll
Event: 0.006 Loaded shared library C:\Program Files\Java\jdk-13.0.1\bin\jimage.dll
Event: 0.007 Loading shared library C:\Program Files\Java\jdk-13.0.1\lib\libjava.base-coop.dll failed, error code 126
Event: 0.007 Loading shared library C:\Program Files\Java\jdk-13.0.1\lib\libjava.logging-coop.dll failed, error code 126
Event: 0.007 Loading shared library C:\Program Files\Java\jdk-13.0.1\lib\libjdk.compiler-coop.dll failed, error code 126
Event: 0.007 Loading shared library C:\Program Files\Java\jdk-13.0.1\lib\libjdk.scripting.nashorn-coop.dll failed, error code 126
Event: 0.007 Loading shared library C:\Program Files\Java\jdk-13.0.1\lib\libjdk.internal.vm.ci-coop.dll failed, error code 126
Event: 0.007 Loading shared library C:\Program Files\Java\jdk-13.0.1\lib\libjdk.internal.vm.compiler-coop.dll failed, error code 126


Dynamic libraries:
0x00007ff7579b0000 - 0x00007ff7579bf000 	C:\Program Files\Java\jdk-13.0.1\bin\javaw.exe
0x00007ff8871b0000 - 0x00007ff8873a4000 	C:\WINDOWS\SYSTEM32\ntdll.dll
0x00007ff885620000 - 0x00007ff8856dd000 	C:\WINDOWS\System32\KERNEL32.DLL
0x00007ff884b90000 - 0x00007ff884e57000 	C:\WINDOWS\System32\KERNELBASE.dll
0x00007ff884f10000 - 0x00007ff885010000 	C:\WINDOWS\System32\ucrtbase.dll
0x00007ff87a820000 - 0x00007ff87a835000 	C:\Program Files\Java\jdk-13.0.1\bin\VCRUNTIME140.dll
0x00007ff87cc70000 - 0x00007ff87cc88000 	C:\Program Files\Java\jdk-13.0.1\bin\jli.dll
0x00007ff887060000 - 0x00007ff88710a000 	C:\WINDOWS\System32\ADVAPI32.dll
0x00007ff885570000 - 0x00007ff88560e000 	C:\WINDOWS\System32\msvcrt.dll
0x00007ff886f00000 - 0x00007ff886f9b000 	C:\WINDOWS\System32\sechost.dll
0x00007ff886b40000 - 0x00007ff886c63000 	C:\WINDOWS\System32\RPCRT4.dll
0x00007ff886c70000 - 0x00007ff886e10000 	C:\WINDOWS\System32\USER32.dll
0x00007ff884a90000 - 0x00007ff884ab2000 	C:\WINDOWS\System32\win32u.dll
0x00007ff866c00000 - 0x00007ff866e9a000 	C:\WINDOWS\WinSxS\amd64_microsoft.windows.common-controls_6595b64144ccf1df_6.0.19041.1_none_b555e41d4684ddec\COMCTL32.dll
0x00007ff887000000 - 0x00007ff88702a000 	C:\WINDOWS\System32\GDI32.dll
0x00007ff885110000 - 0x00007ff88521a000 	C:\WINDOWS\System32\gdi32full.dll
0x00007ff885070000 - 0x00007ff88510d000 	C:\WINDOWS\System32\msvcp_win.dll
0x00007ff87f450000 - 0x00007ff87f45a000 	C:\WINDOWS\SYSTEM32\VERSION.dll
0x00007ff887030000 - 0x00007ff887060000 	C:\WINDOWS\System32\IMM32.DLL
0x00007ff861630000 - 0x00007ff8616cb000 	C:\Program Files\Java\jdk-13.0.1\bin\msvcp140.dll
0x00007ff8323f0000 - 0x00007ff832f56000 	C:\Program Files\Java\jdk-13.0.1\bin\server\jvm.dll
0x00007ff886e10000 - 0x00007ff886e18000 	C:\WINDOWS\System32\PSAPI.DLL
0x00007ff8737c0000 - 0x00007ff8737e7000 	C:\WINDOWS\SYSTEM32\WINMM.dll
0x00007ff86f600000 - 0x00007ff86f609000 	C:\WINDOWS\SYSTEM32\WSOCK32.dll
0x00007ff885500000 - 0x00007ff88556b000 	C:\WINDOWS\System32\WS2_32.dll
0x00007ff883540000 - 0x00007ff883553000 	C:\WINDOWS\SYSTEM32\kernel.appcore.dll
0x00007ff87a8b0000 - 0x00007ff87a8c0000 	C:\Program Files\Java\jdk-13.0.1\bin\verify.dll
0x00007ff882f90000 - 0x00007ff883174000 	C:\WINDOWS\SYSTEM32\DBGHELP.DLL
0x00007ff874e70000 - 0x00007ff874e9c000 	C:\WINDOWS\SYSTEM32\dbgcore.DLL
0x00007ff884ac0000 - 0x00007ff884b3f000 	C:\WINDOWS\System32\bcryptPrimitives.dll
0x00007ff872d10000 - 0x00007ff872d36000 	C:\Program Files\Java\jdk-13.0.1\bin\java.dll
0x00007ff872cf0000 - 0x00007ff872d07000 	C:\Program Files\Java\jdk-13.0.1\bin\zip.dll
0x00007ff870d20000 - 0x00007ff870d2a000 	C:\Program Files\Java\jdk-13.0.1\bin\jimage.dll

dbghelp: loaded successfully - version: 4.0.5 - missing functions: none
symbol engine: initialized successfully - sym options: 0x614 - pdb path: .;C:\Program Files\Java\jdk-13.0.1\bin;C:\WINDOWS\SYSTEM32;C:\WINDOWS\WinSxS\amd64_microsoft.windows.common-controls_6595b64144ccf1df_6.0.19041.1_none_b555e41d4684ddec;C:\Program Files\Java\jdk-13.0.1\bin\server

VM Arguments:
jvm_args: -Dfile.encoding=UTF-8 
java_command: UI.HomePage
java_class_path (initial): C:\Users\admin\git\QLKS\TKPM_QuanLyKhachSan\bin;C:\Users\admin\git\QLKS\TKPM_QuanLyKhachSan\jgoodies-forms-1.8.0.jar;C:\Users\admin\git\QLKS\TKPM_QuanLyKhachSan\miglayout15-swing.jar;C:\Users\admin\git\QLKS\TKPM_QuanLyKhachSan\jdbcSQL_Library\mssql-jdbc-8.2.2.jre13.jar
Launcher Type: SUN_STANDARD

[Global flags]
     intx CICompilerCount                          = 4                                         {product} {ergonomic}
     uint ConcGCThreads                            = 3                                         {product} {ergonomic}
     uint G1ConcRefinementThreads                  = 10                                        {product} {ergonomic}
   size_t G1HeapRegionSize                         = 1048576                                   {product} {ergonomic}
    uintx GCDrainStackTargetSize                   = 64                                        {product} {ergonomic}
   size_t InitialHeapSize                          = 132120576                                 {product} {ergonomic}
   size_t MarkStackSize                            = 4194304                                   {product} {ergonomic}
   size_t MaxHeapSize                              = 2109734912                                {product} {ergonomic}
   size_t MinHeapDeltaBytes                        = 1048576                                   {product} {ergonomic}
   size_t MinHeapSize                              = 8388608                                   {product} {ergonomic}
    uintx NonNMethodCodeHeapSize                   = 5836300                                {pd product} {ergonomic}
    uintx NonProfiledCodeHeapSize                  = 122910970                              {pd product} {ergonomic}
    uintx ProfiledCodeHeapSize                     = 122910970                              {pd product} {ergonomic}
    uintx ReservedCodeCacheSize                    = 251658240                              {pd product} {ergonomic}
     bool SegmentedCodeCache                       = true                                      {product} {ergonomic}
   size_t SoftMaxHeapSize                          = 2109734912                             {manageable} {ergonomic}
     bool UseCompressedClassPointers               = true                                 {lp64_product} {ergonomic}
     bool UseCompressedOops                        = true                                 {lp64_product} {ergonomic}
     bool UseG1GC                                  = true                                      {product} {ergonomic}
     bool UseLargePagesIndividualAllocation        = false                                  {pd product} {ergonomic}

Logging:
Log output configuration:
 #0: stdout all=warning uptime,level,tags
 #1: stderr all=off uptime,level,tags

Environment Variables:
PATH=C:/Program Files/Java/jdk-13.0.1/bin/server;C:/Program Files/Java/jdk-13.0.1/bin;C:\Program Files\Microsoft MPI\Bin\;C:\WINDOWS\system32;C:\WINDOWS;C:\Program Files\Java\jdk-11.0.6\bin;C:\WINDOWS\System32\Wbem;C:\WINDOWS\System32\WindowsPowerShell\v1.0\;C:\WINDOWS\System32\OpenSSH\;C:\Program Files\Microsoft SQL Server\130\Tools\Binn\;C:\Program Files\Git\cmd;C:\Program Files\dotnet\;C:\Python37-32\Scripts;C:\Python37-32;C:\gradle-6.2.2\bin;C:\Program Files (x86)\Microsoft SQL Server\150\DTS\Binn\;C:\Program Files (x86)\Microsoft SQL Server\150\Tools\Binn\;C:\Program Files\Microsoft SQL Server\150\Tools\Binn\;C:\Program Files\Microsoft SQL Server\150\DTS\Binn\;C:\Program Files\Microsoft SQL Server\Client SDK\ODBC\170\Tools\Binn\;C:\Ruby26-x64\bin;C:\Users\admin\AppData\Local\Microsoft\WindowsApps;C:\Users\admin\AppData\Local\Programs\Microsoft VS Code\bin;C:\Program Files\heroku\bin;C:\Program Files\PostgreSQL\12\bin;C:\Program Files\JetBrains\PyCharm Community Edition 2019.3.3\bin;;;C:\WINDOWS\System32;
USERNAME=admin
OS=Windows_NT
PROCESSOR_IDENTIFIER=Intel64 Family 6 Model 158 Stepping 10, GenuineIntel



---------------  S Y S T E M  ---------------

OS: Windows 10 , 64 bit Build 19041 (10.0.19041.292)

CPU:total 12 (initial active 12) (6 cores per cpu, 2 threads per core) family 6 model 158 stepping 10, cmov, cx8, fxsr, mmx, sse, sse2, sse3, ssse3, sse4.1, sse4.2, popcnt, avx, avx2, aes, clmul, erms, 3dnowpref, lzcnt, ht, tsc, tscinvbit, bmi1, bmi2, adx, fma

Memory: 4k page, system-wide physical 8042M (888M free)
TotalPageFile size 32618M (AvailPageFile size 119M)
current process WorkingSet (physical memory assigned to process): 10M, peak: 10M
current process commit charge ("private bytes"): 64M, peak: 190M

vm_info: Java HotSpot(TM) 64-Bit Server VM (13.0.1+9) for windows-amd64 JRE (13.0.1+9), built on Oct  6 2019 12:37:49 by "mach5one" with unknown MS VC++:1916

END.
